<?xml version="1.0" encoding="UTF-8"?>
<!-- Generated by org.testng.reporters.JUnitReportReporter -->
<testsuite hostname="TCSs-Mac-mini.local" failures="0" tests="3" name="com.test.flipkart.OrderItem" time="27.187" errors="0" timestamp="2020-03-05T13:59:29 IST" skipped="0">
  <testcase classname="com.test.flipkart.OrderItem" name="openFlipkart" time="3.626"/>
  <system-out/>
  <testcase classname="com.test.flipkart.OrderItem" name="searchItem" time="6.913"/>
  <system-out/>
  <testcase classname="com.test.flipkart.OrderItem" name="buyItem" time="16.648"/>
  <system-out/>
</testsuite> <!-- com.test.flipkart.OrderItem -->
