<?xml version="1.0" encoding="UTF-8"?>
<!-- Generated by org.testng.reporters.JUnitReportReporter -->
<testsuite hostname="TCSs-Mac-mini" failures="0" tests="3" name="com.test.flipkart.OrderItem" time="26.475" errors="0" timestamp="2020-03-04T16:49:51 IST" skipped="0">
  <testcase classname="com.test.flipkart.OrderItem" name="buyItem" time="12.478"/>
  <system-out/>
  <testcase classname="com.test.flipkart.OrderItem" name="searchItem" time="7.003"/>
  <system-out/>
  <testcase classname="com.test.flipkart.OrderItem" name="openFlipkart" time="6.994"/>
  <system-out/>
</testsuite> <!-- com.test.flipkart.OrderItem -->
