<?xml version="1.0" encoding="UTF-8"?>
<!-- Generated by org.testng.reporters.JUnitReportReporter -->
<testsuite hostname="TCSs-Mac-mini.local" failures="0" tests="3" name="com.test.flipkart.OrderItem" time="2.012" errors="0" timestamp="2020-03-05T14:59:36 IST" skipped="0">
  <testcase classname="com.test.flipkart.OrderItem" name="searchItem" time="0.002"/>
  <system-out/>
  <testcase classname="com.test.flipkart.OrderItem" name="openFlipkart" time="0.007"/>
  <system-out/>
  <testcase classname="com.test.flipkart.OrderItem" name="buyItem" time="2.003"/>
  <system-out/>
</testsuite> <!-- com.test.flipkart.OrderItem -->
